#
# A fatal error has been detected by the Java Runtime Environment:
#
#  SIGFPE (0x8) at pc=0x000000011713b6e8, pid=70387, tid=8195
#
# JRE version: OpenJDK Runtime Environment AdoptOpenJDK (11.0.10+9) (build 11.0.10+9)
# Java VM: OpenJDK 64-Bit Server VM AdoptOpenJDK (11.0.10+9, mixed mode, tiered, compressed oops, g1 gc, bsd-amd64)
# Problematic frame:
# j  Soda_Problem.calculateBottlesConsumed([I)I+0
#
# No core dump will be written. Core dumps have been disabled. To enable core dumping, try "ulimit -c unlimited" before starting Java again
#
# If you would like to submit a bug report, please visit:
#   https://github.com/AdoptOpenJDK/openjdk-support/issues
#

---------------  S U M M A R Y ------------

Command Line: -Dfile.encoding=UTF-8 Soda_Problem

Host: MacBookPro17,1 x86_64 2400 MHz, 8 cores, 8G, Darwin 20.3.0
Time: Sat Apr 24 12:18:12 2021 IST elapsed time: 3.966743 seconds (0d 0h 0m 3s)

---------------  T H R E A D  ---------------

Current thread (0x00007f8ca6810000):  JavaThread "main" [_thread_in_Java, id=8195, stack(0x00000003044b1000,0x00000003045b1000)]

Stack: [0x00000003044b1000,0x00000003045b1000],  sp=0x00000003045b0a00,  free space=1022k
Native frames: (J=compiled Java code, A=aot compiled Java code, j=interpreted, Vv=VM code, C=native code)
j  Soda_Problem.calculateBottlesConsumed([I)I+0
j  Soda_Problem.main([Ljava/lang/String;)V+5
v  ~StubRoutines::call_stub
V  [libjvm.dylib+0x3b0b2c]  JavaCalls::call_helper(JavaValue*, methodHandle const&, JavaCallArguments*, Thread*)+0x21a
V  [libjvm.dylib+0x3f5982]  jni_invoke_static(JNIEnv_*, JavaValue*, _jobject*, JNICallType, _jmethodID*, JNI_ArgumentPusher*, Thread*)+0x10a
V  [libjvm.dylib+0x3f9172]  jni_CallStaticVoidMethod+0x1d2
C  [libjli.dylib+0x4b29]  JavaMain+0xab0
C  [libsystem_pthread.dylib+0x6950]  _pthread_start+0xe0
C  [libsystem_pthread.dylib+0x247b]  thread_start+0xf


siginfo: si_signo: 8 (SIGFPE), si_code: 5 (FPE_FLTINV), si_addr: 0x000000011713b6e8

Register to memory mapping:

RAX=0x0000000000000009 is an unknown value
RBX=0x0000000000000070 is an unknown value
RCX=0x0 is NULL
RDX=0x0 is NULL
RSP=0x00000003045b0a00 is pointing into the stack for thread: 0x00007f8ca6810000
RBP=0x00000003045b0a48 is pointing into the stack for thread: 0x00007f8ca6810000
RSI=0x0 is NULL
RDI=0x00007f8ca6810000 is a thread
R8 =0x00007f8ca6810000 is a thread
R9 =0x0 is NULL
R10=0x000000010d1d4c20: _ZN19TemplateInterpreter13_active_tableE+0x2000 in /Library/Java/JavaVirtualMachines/adoptopenjdk-11.jdk/Contents/Home/lib/server/libjvm.dylib at 0x000000010c800000
R11=0x00000001176ec8c0 is at entry_point+32 in (nmethod*)0x00000001176ec690
R12=0x0 is NULL
R13=0x000000012d14f66c is pointing into metadata
R14=0x00000003045b0a88 is pointing into the stack for thread: 0x00007f8ca6810000
R15=0x00007f8ca6810000 is a thread


Registers:
RAX=0x0000000000000009, RBX=0x0000000000000070, RCX=0x0000000000000000, RDX=0x0000000000000000
RSP=0x00000003045b0a00, RBP=0x00000003045b0a48, RSI=0x0000000000000000, RDI=0x00007f8ca6810000
R8 =0x00007f8ca6810000, R9 =0x0000000000000000, R10=0x000000010d1d4c20, R11=0x00000001176ec8c0
R12=0x0000000000000000, R13=0x000000012d14f66c, R14=0x00000003045b0a88, R15=0x00007f8ca6810000
RIP=0x000000011713b6e8, EFLAGS=0x0000000000000a87, ERR=0x0000000000000000
  TRAPNO=0x0000000000000000

Top of Stack: (sp=0x00000003045b0a00)
0x00000003045b0a00:   00000003045b0a00 000000012d14f648
0x00000003045b0a10:   00000003045b0a88 000000012d14f850
0x00000003045b0a20:   0000000000000000 0000000787e1cd40
0x00000003045b0a30:   000000012d14f6f8 0000000000000000
0x00000003045b0a40:   00000003045b0a88 00000003045b0ad8
0x00000003045b0a50:   0000000117130980 0000000000000000
0x00000003045b0a60:   0000000000000000 0000000000000009
0x00000003045b0a70:   0000000000000000 0000000000000000
0x00000003045b0a80:   0000000000000009 0000000787e1d5e0
0x00000003045b0a90:   00000003045b0a90 000000012d14f7a5
0x00000003045b0aa0:   00000003045b0af8 000000012d14f850
0x00000003045b0ab0:   0000000000000000 0000000787e1cd40
0x00000003045b0ac0:   000000012d14f7f8 00000003045b0a88
0x00000003045b0ad0:   00000003045b0af8 00000003045b0b60
0x00000003045b0ae0:   0000000117127bc7 0000000000000000
0x00000003045b0af0:   0000000787e1d5e0 0000000787e1d5d0
0x00000003045b0b00:   0000000300001fa0 00000003045b0ce0
0x00000003045b0b10:   00000003045b0e98 000000012d14f7f8
0x00000003045b0b20:   00007f8ca6810000 0000000000000001
0x00000003045b0b30:   00000003045b0bc0 00000003045b0ea0
0x00000003045b0b40:   000000030000000a 000000012d14f7f8
0x00000003045b0b50:   0000000117135180 00000003045b0ce8
0x00000003045b0b60:   00000003045b0c50 000000010cbb0b2c
0x00000003045b0b70:   0000000000000001 00007f8ca6810000
0x00000003045b0b80:   0000000000000000 00007f8ca6810000
0x00000003045b0b90:   00007f8ca450dbd0 00007f8ca450e020
0x00000003045b0ba0:   00007f8ca450e030 00007f8ca450e108
0x00000003045b0bb0:   00000000000000d8 00007f8ca450dc10
0x00000003045b0bc0:   00007f8ca6810000 00007f8ca450ed00
0x00000003045b0bd0:   000000012d14f7f8 0000000000000000
0x00000003045b0be0:   0000000000000000 0000000000000000
0x00000003045b0bf0:   0000000000000000 00000003045b0e98 

Instructions: (pc=0x000000011713b6e8)
0x000000011713b5e8:   c4 1e ff 0c 01 00 00 00 6e 00 00 00 00 00 00 00
0x000000011713b5f8:   00 00 00 00 00 00 00 00 f3 0f 10 04 24 48 83 c4
0x000000011713b608:   08 0f 28 c8 f3 0f 10 04 24 48 83 c4 08 f3 0f 5e
0x000000011713b618:   c1 41 0f b6 5d 01 49 ff c5 49 ba 20 5c 1d 0d 01
0x000000011713b628:   00 00 00 41 ff 24 da 90 00 00 00 00 00 00 00 00
0x000000011713b638:   00 00 00 00 00 00 00 00 60 00 00 00 00 00 00 00
0x000000011713b648:   c9 1e ff 0c 01 00 00 00 6f 00 00 00 00 00 00 00
0x000000011713b658:   00 00 00 00 00 00 00 00 f2 0f 10 04 24 48 83 c4
0x000000011713b668:   10 66 0f 28 c8 f2 0f 10 04 24 48 83 c4 10 f2 0f
0x000000011713b678:   5e c1 41 0f b6 5d 01 49 ff c5 49 ba 20 64 1d 0d
0x000000011713b688:   01 00 00 00 41 ff 24 da 00 00 00 00 00 00 00 00
0x000000011713b698:   00 00 00 00 00 00 00 00 80 00 00 00 00 00 00 00
0x000000011713b6a8:   ce 1e ff 0c 01 00 00 00 70 00 00 00 00 00 00 00
0x000000011713b6b8:   00 00 00 00 00 00 00 00 8b 04 24 48 83 c4 08 8b
0x000000011713b6c8:   c8 8b 04 24 48 83 c4 08 81 f8 00 00 00 80 0f 85
0x000000011713b6d8:   0b 00 00 00 33 d2 83 f9 ff 0f 84 03 00 00 00 99
0x000000011713b6e8:   f7 f9 8b c2 41 0f b6 5d 01 49 ff c5 49 ba 20 4c
0x000000011713b6f8:   1d 0d 01 00 00 00 41 ff 24 da 66 0f 1f 44 00 00
0x000000011713b708:   00 00 00 00 00 00 00 00 00 00 00 00 00 00 00 00
0x000000011713b718:   00 00 00 00 00 00 00 00 80 00 00 00 00 00 00 00
0x000000011713b728:   d3 1e ff 0c 01 00 00 00 71 00 00 00 00 00 00 00
0x000000011713b738:   00 00 00 00 00 00 00 00 48 8b 04 24 48 83 c4 10
0x000000011713b748:   48 8b c8 48 8b 04 24 48 83 c4 10 48 85 c9 0f 84
0x000000011713b758:   13 97 ff ff 48 3b 05 cd 33 f3 f5 0f 85 0c 00 00
0x000000011713b768:   00 33 d2 48 83 f9 ff 0f 84 05 00 00 00 48 99 48
0x000000011713b778:   f7 f9 48 8b c2 41 0f b6 5d 01 49 ff c5 49 ba 20
0x000000011713b788:   54 1d 0d 01 00 00 00 41 ff 24 da 0f 1f 44 00 00
0x000000011713b798:   00 00 00 00 00 00 00 00 80 00 00 00 00 00 00 00
0x000000011713b7a8:   d8 1e ff 0c 01 00 00 00 72 00 00 00 00 00 00 00
0x000000011713b7b8:   00 00 00 00 00 00 00 00 f3 0f 10 04 24 48 83 c4
0x000000011713b7c8:   08 0f 28 c8 f3 0f 10 04 24 48 83 c4 08 f7 c4 0f
0x000000011713b7d8:   00 00 00 0f 84 12 00 00 00 48 83 ec 08 e8 8a a1 


Stack slot to memory mapping:
stack at sp + 0 slots: 0x00000003045b0a00 is pointing into the stack for thread: 0x00007f8ca6810000
stack at sp + 1 slots: 0x000000012d14f648 is pointing into metadata
stack at sp + 2 slots: 0x00000003045b0a88 is pointing into the stack for thread: 0x00007f8ca6810000
stack at sp + 3 slots: 0x000000012d14f850 is pointing into metadata
stack at sp + 4 slots: 0x0 is NULL
stack at sp + 5 slots: 0x0000000787e1cd40 is an oop: java.lang.Class 
{0x0000000787e1cd40} - klass: 'java/lang/Class'
stack at sp + 6 slots: {method} {0x000000012d14f6f8} 'calculateBottlesConsumed' '([I)I' in 'Soda_Problem'
stack at sp + 7 slots: 0x0 is NULL

irem  112 irem  [0x000000011713b6c0, 0x000000011713b720]  96 bytes

---------------  P R O C E S S  ---------------

Threads class SMR info:
_java_thread_list=0x00007f8ca453f7f0, length=9, elements={
0x00007f8ca6810000, 0x00007f8ca5858000, 0x00007f8ca4815800, 0x00007f8ca5858800,
0x00007f8ca5008800, 0x00007f8ca5859800, 0x00007f8ca500c000, 0x00007f8ca48a2000,
0x00007f8ca5028800
}

Java Threads: ( => current thread )
=>0x00007f8ca6810000 JavaThread "main" [_thread_in_Java, id=8195, stack(0x00000003044b1000,0x00000003045b1000)]
  0x00007f8ca5858000 JavaThread "Reference Handler" daemon [_thread_blocked, id=15875, stack(0x0000000304bc6000,0x0000000304cc6000)]
  0x00007f8ca4815800 JavaThread "Finalizer" daemon [_thread_blocked, id=21763, stack(0x0000000304cc9000,0x0000000304dc9000)]
  0x00007f8ca5858800 JavaThread "Signal Dispatcher" daemon [_thread_blocked, id=40707, stack(0x0000000304edb000,0x0000000304fdb000)]
  0x00007f8ca5008800 JavaThread "Service Thread" daemon [_thread_blocked, id=23811, stack(0x0000000304fde000,0x00000003050de000)]
  0x00007f8ca5859800 JavaThread "C2 CompilerThread0" daemon [_thread_blocked, id=24323, stack(0x00000003050e1000,0x00000003051e1000)]
  0x00007f8ca500c000 JavaThread "C1 CompilerThread0" daemon [_thread_blocked, id=39171, stack(0x00000003051e4000,0x00000003052e4000)]
  0x00007f8ca48a2000 JavaThread "Sweeper thread" daemon [_thread_blocked, id=24579, stack(0x00000003052e7000,0x00000003053e7000)]
  0x00007f8ca5028800 JavaThread "Common-Cleaner" daemon [_thread_blocked, id=26115, stack(0x00000003054ed000,0x00000003055ed000)]

Other Threads:
  0x00007f8ca5857000 VMThread "VM Thread" [stack: 0x0000000304ac3000,0x0000000304bc3000] [id=17155]
  0x00007f8ca682e800 WatcherThread [stack: 0x00000003053ea000,0x00000003054ea000] [id=37679]
  0x00007f8ca6813800 GCTaskThread "GC Thread#0" [stack: 0x00000003045b4000,0x00000003046b4000] [id=12547]
  0x00007f8ca4837000 ConcurrentGCThread "G1 Main Marker" [stack: 0x00000003046b7000,0x00000003047b7000] [id=18691]
  0x00007f8ca6822000 ConcurrentGCThread "G1 Conc#0" [stack: 0x00000003047ba000,0x00000003048ba000] [id=13315]
  0x00007f8ca4898000 ConcurrentGCThread "G1 Refine#0" [stack: 0x00000003048bd000,0x00000003049bd000] [id=13827]
  0x00007f8ca4898800 ConcurrentGCThread "G1 Young RemSet Sampling" [stack: 0x00000003049c0000,0x0000000304ac0000] [id=14339]

Threads with active compile tasks:

VM state:not at safepoint (normal execution)

VM Mutex/Monitor currently owned by a thread: None

Heap address: 0x0000000780000000, size: 2048 MB, Compressed Oops mode: Zero based, Oop shift amount: 3
Narrow klass base: 0x0000000800000000, Narrow klass shift: 0
Compressed class space size: 1073741824 Address: 0x0000000800000000

Heap:
 garbage-first heap   total 131072K, used 1024K [0x0000000780000000, 0x0000000800000000)
  region size 1024K, 2 young (2048K), 0 survivors (0K)
 Metaspace       used 5894K, capacity 5976K, committed 6272K, reserved 1056768K
  class space    used 502K, capacity 541K, committed 640K, reserved 1048576K
Heap Regions: E=young(eden), S=young(survivor), O=old, HS=humongous(starts), HC=humongous(continues), CS=collection set, F=free, A=archive, TAMS=top-at-mark-start (previous, next)
|   0|0x0000000780000000, 0x0000000780000000, 0x0000000780100000|  0%| F|  |TAMS 0x0000000780000000, 0x0000000780000000| Untracked 
|   1|0x0000000780100000, 0x0000000780100000, 0x0000000780200000|  0%| F|  |TAMS 0x0000000780100000, 0x0000000780100000| Untracked 
|   2|0x0000000780200000, 0x0000000780200000, 0x0000000780300000|  0%| F|  |TAMS 0x0000000780200000, 0x0000000780200000| Untracked 
|   3|0x0000000780300000, 0x0000000780300000, 0x0000000780400000|  0%| F|  |TAMS 0x0000000780300000, 0x0000000780300000| Untracked 
|   4|0x0000000780400000, 0x0000000780400000, 0x0000000780500000|  0%| F|  |TAMS 0x0000000780400000, 0x0000000780400000| Untracked 
|   5|0x0000000780500000, 0x0000000780500000, 0x0000000780600000|  0%| F|  |TAMS 0x0000000780500000, 0x0000000780500000| Untracked 
|   6|0x0000000780600000, 0x0000000780600000, 0x0000000780700000|  0%| F|  |TAMS 0x0000000780600000, 0x0000000780600000| Untracked 
|   7|0x0000000780700000, 0x0000000780700000, 0x0000000780800000|  0%| F|  |TAMS 0x0000000780700000, 0x0000000780700000| Untracked 
|   8|0x0000000780800000, 0x0000000780800000, 0x0000000780900000|  0%| F|  |TAMS 0x0000000780800000, 0x0000000780800000| Untracked 
|   9|0x0000000780900000, 0x0000000780900000, 0x0000000780a00000|  0%| F|  |TAMS 0x0000000780900000, 0x0000000780900000| Untracked 
|  10|0x0000000780a00000, 0x0000000780a00000, 0x0000000780b00000|  0%| F|  |TAMS 0x0000000780a00000, 0x0000000780a00000| Untracked 
|  11|0x0000000780b00000, 0x0000000780b00000, 0x0000000780c00000|  0%| F|  |TAMS 0x0000000780b00000, 0x0000000780b00000| Untracked 
|  12|0x0000000780c00000, 0x0000000780c00000, 0x0000000780d00000|  0%| F|  |TAMS 0x0000000780c00000, 0x0000000780c00000| Untracked 
|  13|0x0000000780d00000, 0x0000000780d00000, 0x0000000780e00000|  0%| F|  |TAMS 0x0000000780d00000, 0x0000000780d00000| Untracked 
|  14|0x0000000780e00000, 0x0000000780e00000, 0x0000000780f00000|  0%| F|  |TAMS 0x0000000780e00000, 0x0000000780e00000| Untracked 
|  15|0x0000000780f00000, 0x0000000780f00000, 0x0000000781000000|  0%| F|  |TAMS 0x0000000780f00000, 0x0000000780f00000| Untracked 
|  16|0x0000000781000000, 0x0000000781000000, 0x0000000781100000|  0%| F|  |TAMS 0x0000000781000000, 0x0000000781000000| Untracked 
|  17|0x0000000781100000, 0x0000000781100000, 0x0000000781200000|  0%| F|  |TAMS 0x0000000781100000, 0x0000000781100000| Untracked 
|  18|0x0000000781200000, 0x0000000781200000, 0x0000000781300000|  0%| F|  |TAMS 0x0000000781200000, 0x0000000781200000| Untracked 
|  19|0x0000000781300000, 0x0000000781300000, 0x0000000781400000|  0%| F|  |TAMS 0x0000000781300000, 0x0000000781300000| Untracked 
|  20|0x0000000781400000, 0x0000000781400000, 0x0000000781500000|  0%| F|  |TAMS 0x0000000781400000, 0x0000000781400000| Untracked 
|  21|0x0000000781500000, 0x0000000781500000, 0x0000000781600000|  0%| F|  |TAMS 0x0000000781500000, 0x0000000781500000| Untracked 
|  22|0x0000000781600000, 0x0000000781600000, 0x0000000781700000|  0%| F|  |TAMS 0x0000000781600000, 0x0000000781600000| Untracked 
|  23|0x0000000781700000, 0x0000000781700000, 0x0000000781800000|  0%| F|  |TAMS 0x0000000781700000, 0x0000000781700000| Untracked 
|  24|0x0000000781800000, 0x0000000781800000, 0x0000000781900000|  0%| F|  |TAMS 0x0000000781800000, 0x0000000781800000| Untracked 
|  25|0x0000000781900000, 0x0000000781900000, 0x0000000781a00000|  0%| F|  |TAMS 0x0000000781900000, 0x0000000781900000| Untracked 
|  26|0x0000000781a00000, 0x0000000781a00000, 0x0000000781b00000|  0%| F|  |TAMS 0x0000000781a00000, 0x0000000781a00000| Untracked 
|  27|0x0000000781b00000, 0x0000000781b00000, 0x0000000781c00000|  0%| F|  |TAMS 0x0000000781b00000, 0x0000000781b00000| Untracked 
|  28|0x0000000781c00000, 0x0000000781c00000, 0x0000000781d00000|  0%| F|  |TAMS 0x0000000781c00000, 0x0000000781c00000| Untracked 
|  29|0x0000000781d00000, 0x0000000781d00000, 0x0000000781e00000|  0%| F|  |TAMS 0x0000000781d00000, 0x0000000781d00000| Untracked 
|  30|0x0000000781e00000, 0x0000000781e00000, 0x0000000781f00000|  0%| F|  |TAMS 0x0000000781e00000, 0x0000000781e00000| Untracked 
|  31|0x0000000781f00000, 0x0000000781f00000, 0x0000000782000000|  0%| F|  |TAMS 0x0000000781f00000, 0x0000000781f00000| Untracked 
|  32|0x0000000782000000, 0x0000000782000000, 0x0000000782100000|  0%| F|  |TAMS 0x0000000782000000, 0x0000000782000000| Untracked 
|  33|0x0000000782100000, 0x0000000782100000, 0x0000000782200000|  0%| F|  |TAMS 0x0000000782100000, 0x0000000782100000| Untracked 
|  34|0x0000000782200000, 0x0000000782200000, 0x0000000782300000|  0%| F|  |TAMS 0x0000000782200000, 0x0000000782200000| Untracked 
|  35|0x0000000782300000, 0x0000000782300000, 0x0000000782400000|  0%| F|  |TAMS 0x0000000782300000, 0x0000000782300000| Untracked 
|  36|0x0000000782400000, 0x0000000782400000, 0x0000000782500000|  0%| F|  |TAMS 0x0000000782400000, 0x0000000782400000| Untracked 
|  37|0x0000000782500000, 0x0000000782500000, 0x0000000782600000|  0%| F|  |TAMS 0x0000000782500000, 0x0000000782500000| Untracked 
|  38|0x0000000782600000, 0x0000000782600000, 0x0000000782700000|  0%| F|  |TAMS 0x0000000782600000, 0x0000000782600000| Untracked 
|  39|0x0000000782700000, 0x0000000782700000, 0x0000000782800000|  0%| F|  |TAMS 0x0000000782700000, 0x0000000782700000| Untracked 
|  40|0x0000000782800000, 0x0000000782800000, 0x0000000782900000|  0%| F|  |TAMS 0x0000000782800000, 0x0000000782800000| Untracked 
|  41|0x0000000782900000, 0x0000000782900000, 0x0000000782a00000|  0%| F|  |TAMS 0x0000000782900000, 0x0000000782900000| Untracked 
|  42|0x0000000782a00000, 0x0000000782a00000, 0x0000000782b00000|  0%| F|  |TAMS 0x0000000782a00000, 0x0000000782a00000| Untracked 
|  43|0x0000000782b00000, 0x0000000782b00000, 0x0000000782c00000|  0%| F|  |TAMS 0x0000000782b00000, 0x0000000782b00000| Untracked 
|  44|0x0000000782c00000, 0x0000000782c00000, 0x0000000782d00000|  0%| F|  |TAMS 0x0000000782c00000, 0x0000000782c00000| Untracked 
|  45|0x0000000782d00000, 0x0000000782d00000, 0x0000000782e00000|  0%| F|  |TAMS 0x0000000782d00000, 0x0000000782d00000| Untracked 
|  46|0x0000000782e00000, 0x0000000782e00000, 0x0000000782f00000|  0%| F|  |TAMS 0x0000000782e00000, 0x0000000782e00000| Untracked 
|  47|0x0000000782f00000, 0x0000000782f00000, 0x0000000783000000|  0%| F|  |TAMS 0x0000000782f00000, 0x0000000782f00000| Untracked 
|  48|0x0000000783000000, 0x0000000783000000, 0x0000000783100000|  0%| F|  |TAMS 0x0000000783000000, 0x0000000783000000| Untracked 
|  49|0x0000000783100000, 0x0000000783100000, 0x0000000783200000|  0%| F|  |TAMS 0x0000000783100000, 0x0000000783100000| Untracked 
|  50|0x0000000783200000, 0x0000000783200000, 0x0000000783300000|  0%| F|  |TAMS 0x0000000783200000, 0x0000000783200000| Untracked 
|  51|0x0000000783300000, 0x0000000783300000, 0x0000000783400000|  0%| F|  |TAMS 0x0000000783300000, 0x0000000783300000| Untracked 
|  52|0x0000000783400000, 0x0000000783400000, 0x0000000783500000|  0%| F|  |TAMS 0x0000000783400000, 0x0000000783400000| Untracked 
|  53|0x0000000783500000, 0x0000000783500000, 0x0000000783600000|  0%| F|  |TAMS 0x0000000783500000, 0x0000000783500000| Untracked 
|  54|0x0000000783600000, 0x0000000783600000, 0x0000000783700000|  0%| F|  |TAMS 0x0000000783600000, 0x0000000783600000| Untracked 
|  55|0x0000000783700000, 0x0000000783700000, 0x0000000783800000|  0%| F|  |TAMS 0x0000000783700000, 0x0000000783700000| Untracked 
|  56|0x0000000783800000, 0x0000000783800000, 0x0000000783900000|  0%| F|  |TAMS 0x0000000783800000, 0x0000000783800000| Untracked 
|  57|0x0000000783900000, 0x0000000783900000, 0x0000000783a00000|  0%| F|  |TAMS 0x0000000783900000, 0x0000000783900000| Untracked 
|  58|0x0000000783a00000, 0x0000000783a00000, 0x0000000783b00000|  0%| F|  |TAMS 0x0000000783a00000, 0x0000000783a00000| Untracked 
|  59|0x0000000783b00000, 0x0000000783b00000, 0x0000000783c00000|  0%| F|  |TAMS 0x0000000783b00000, 0x0000000783b00000| Untracked 
|  60|0x0000000783c00000, 0x0000000783c00000, 0x0000000783d00000|  0%| F|  |TAMS 0x0000000783c00000, 0x0000000783c00000| Untracked 
|  61|0x0000000783d00000, 0x0000000783d00000, 0x0000000783e00000|  0%| F|  |TAMS 0x0000000783d00000, 0x0000000783d00000| Untracked 
|  62|0x0000000783e00000, 0x0000000783e00000, 0x0000000783f00000|  0%| F|  |TAMS 0x0000000783e00000, 0x0000000783e00000| Untracked 
|  63|0x0000000783f00000, 0x0000000783f00000, 0x0000000784000000|  0%| F|  |TAMS 0x0000000783f00000, 0x0000000783f00000| Untracked 
|  64|0x0000000784000000, 0x0000000784000000, 0x0000000784100000|  0%| F|  |TAMS 0x0000000784000000, 0x0000000784000000| Untracked 
|  65|0x0000000784100000, 0x0000000784100000, 0x0000000784200000|  0%| F|  |TAMS 0x0000000784100000, 0x0000000784100000| Untracked 
|  66|0x0000000784200000, 0x0000000784200000, 0x0000000784300000|  0%| F|  |TAMS 0x0000000784200000, 0x0000000784200000| Untracked 
|  67|0x0000000784300000, 0x0000000784300000, 0x0000000784400000|  0%| F|  |TAMS 0x0000000784300000, 0x0000000784300000| Untracked 
|  68|0x0000000784400000, 0x0000000784400000, 0x0000000784500000|  0%| F|  |TAMS 0x0000000784400000, 0x0000000784400000| Untracked 
|  69|0x0000000784500000, 0x0000000784500000, 0x0000000784600000|  0%| F|  |TAMS 0x0000000784500000, 0x0000000784500000| Untracked 
|  70|0x0000000784600000, 0x0000000784600000, 0x0000000784700000|  0%| F|  |TAMS 0x0000000784600000, 0x0000000784600000| Untracked 
|  71|0x0000000784700000, 0x0000000784700000, 0x0000000784800000|  0%| F|  |TAMS 0x0000000784700000, 0x0000000784700000| Untracked 
|  72|0x0000000784800000, 0x0000000784800000, 0x0000000784900000|  0%| F|  |TAMS 0x0000000784800000, 0x0000000784800000| Untracked 
|  73|0x0000000784900000, 0x0000000784900000, 0x0000000784a00000|  0%| F|  |TAMS 0x0000000784900000, 0x0000000784900000| Untracked 
|  74|0x0000000784a00000, 0x0000000784a00000, 0x0000000784b00000|  0%| F|  |TAMS 0x0000000784a00000, 0x0000000784a00000| Untracked 
|  75|0x0000000784b00000, 0x0000000784b00000, 0x0000000784c00000|  0%| F|  |TAMS 0x0000000784b00000, 0x0000000784b00000| Untracked 
|  76|0x0000000784c00000, 0x0000000784c00000, 0x0000000784d00000|  0%| F|  |TAMS 0x0000000784c00000, 0x0000000784c00000| Untracked 
|  77|0x0000000784d00000, 0x0000000784d00000, 0x0000000784e00000|  0%| F|  |TAMS 0x0000000784d00000, 0x0000000784d00000| Untracked 
|  78|0x0000000784e00000, 0x0000000784e00000, 0x0000000784f00000|  0%| F|  |TAMS 0x0000000784e00000, 0x0000000784e00000| Untracked 
|  79|0x0000000784f00000, 0x0000000784f00000, 0x0000000785000000|  0%| F|  |TAMS 0x0000000784f00000, 0x0000000784f00000| Untracked 
|  80|0x0000000785000000, 0x0000000785000000, 0x0000000785100000|  0%| F|  |TAMS 0x0000000785000000, 0x0000000785000000| Untracked 
|  81|0x0000000785100000, 0x0000000785100000, 0x0000000785200000|  0%| F|  |TAMS 0x0000000785100000, 0x0000000785100000| Untracked 
|  82|0x0000000785200000, 0x0000000785200000, 0x0000000785300000|  0%| F|  |TAMS 0x0000000785200000, 0x0000000785200000| Untracked 
|  83|0x0000000785300000, 0x0000000785300000, 0x0000000785400000|  0%| F|  |TAMS 0x0000000785300000, 0x0000000785300000| Untracked 
|  84|0x0000000785400000, 0x0000000785400000, 0x0000000785500000|  0%| F|  |TAMS 0x0000000785400000, 0x0000000785400000| Untracked 
|  85|0x0000000785500000, 0x0000000785500000, 0x0000000785600000|  0%| F|  |TAMS 0x0000000785500000, 0x0000000785500000| Untracked 
|  86|0x0000000785600000, 0x0000000785600000, 0x0000000785700000|  0%| F|  |TAMS 0x0000000785600000, 0x0000000785600000| Untracked 
|  87|0x0000000785700000, 0x0000000785700000, 0x0000000785800000|  0%| F|  |TAMS 0x0000000785700000, 0x0000000785700000| Untracked 
|  88|0x0000000785800000, 0x0000000785800000, 0x0000000785900000|  0%| F|  |TAMS 0x0000000785800000, 0x0000000785800000| Untracked 
|  89|0x0000000785900000, 0x0000000785900000, 0x0000000785a00000|  0%| F|  |TAMS 0x0000000785900000, 0x0000000785900000| Untracked 
|  90|0x0000000785a00000, 0x0000000785a00000, 0x0000000785b00000|  0%| F|  |TAMS 0x0000000785a00000, 0x0000000785a00000| Untracked 
|  91|0x0000000785b00000, 0x0000000785b00000, 0x0000000785c00000|  0%| F|  |TAMS 0x0000000785b00000, 0x0000000785b00000| Untracked 
|  92|0x0000000785c00000, 0x0000000785c00000, 0x0000000785d00000|  0%| F|  |TAMS 0x0000000785c00000, 0x0000000785c00000| Untracked 
|  93|0x0000000785d00000, 0x0000000785d00000, 0x0000000785e00000|  0%| F|  |TAMS 0x0000000785d00000, 0x0000000785d00000| Untracked 
|  94|0x0000000785e00000, 0x0000000785e00000, 0x0000000785f00000|  0%| F|  |TAMS 0x0000000785e00000, 0x0000000785e00000| Untracked 
|  95|0x0000000785f00000, 0x0000000785f00000, 0x0000000786000000|  0%| F|  |TAMS 0x0000000785f00000, 0x0000000785f00000| Untracked 
|  96|0x0000000786000000, 0x0000000786000000, 0x0000000786100000|  0%| F|  |TAMS 0x0000000786000000, 0x0000000786000000| Untracked 
|  97|0x0000000786100000, 0x0000000786100000, 0x0000000786200000|  0%| F|  |TAMS 0x0000000786100000, 0x0000000786100000| Untracked 
|  98|0x0000000786200000, 0x0000000786200000, 0x0000000786300000|  0%| F|  |TAMS 0x0000000786200000, 0x0000000786200000| Untracked 
|  99|0x0000000786300000, 0x0000000786300000, 0x0000000786400000|  0%| F|  |TAMS 0x0000000786300000, 0x0000000786300000| Untracked 
| 100|0x0000000786400000, 0x0000000786400000, 0x0000000786500000|  0%| F|  |TAMS 0x0000000786400000, 0x0000000786400000| Untracked 
| 101|0x0000000786500000, 0x0000000786500000, 0x0000000786600000|  0%| F|  |TAMS 0x0000000786500000, 0x0000000786500000| Untracked 
| 102|0x0000000786600000, 0x0000000786600000, 0x0000000786700000|  0%| F|  |TAMS 0x0000000786600000, 0x0000000786600000| Untracked 
| 103|0x0000000786700000, 0x0000000786700000, 0x0000000786800000|  0%| F|  |TAMS 0x0000000786700000, 0x0000000786700000| Untracked 
| 104|0x0000000786800000, 0x0000000786800000, 0x0000000786900000|  0%| F|  |TAMS 0x0000000786800000, 0x0000000786800000| Untracked 
| 105|0x0000000786900000, 0x0000000786900000, 0x0000000786a00000|  0%| F|  |TAMS 0x0000000786900000, 0x0000000786900000| Untracked 
| 106|0x0000000786a00000, 0x0000000786a00000, 0x0000000786b00000|  0%| F|  |TAMS 0x0000000786a00000, 0x0000000786a00000| Untracked 
| 107|0x0000000786b00000, 0x0000000786b00000, 0x0000000786c00000|  0%| F|  |TAMS 0x0000000786b00000, 0x0000000786b00000| Untracked 
| 108|0x0000000786c00000, 0x0000000786c00000, 0x0000000786d00000|  0%| F|  |TAMS 0x0000000786c00000, 0x0000000786c00000| Untracked 
| 109|0x0000000786d00000, 0x0000000786d00000, 0x0000000786e00000|  0%| F|  |TAMS 0x0000000786d00000, 0x0000000786d00000| Untracked 
| 110|0x0000000786e00000, 0x0000000786e00000, 0x0000000786f00000|  0%| F|  |TAMS 0x0000000786e00000, 0x0000000786e00000| Untracked 
| 111|0x0000000786f00000, 0x0000000786f00000, 0x0000000787000000|  0%| F|  |TAMS 0x0000000786f00000, 0x0000000786f00000| Untracked 
| 112|0x0000000787000000, 0x0000000787000000, 0x0000000787100000|  0%| F|  |TAMS 0x0000000787000000, 0x0000000787000000| Untracked 
| 113|0x0000000787100000, 0x0000000787100000, 0x0000000787200000|  0%| F|  |TAMS 0x0000000787100000, 0x0000000787100000| Untracked 
| 114|0x0000000787200000, 0x0000000787200000, 0x0000000787300000|  0%| F|  |TAMS 0x0000000787200000, 0x0000000787200000| Untracked 
| 115|0x0000000787300000, 0x0000000787300000, 0x0000000787400000|  0%| F|  |TAMS 0x0000000787300000, 0x0000000787300000| Untracked 
| 116|0x0000000787400000, 0x0000000787400000, 0x0000000787500000|  0%| F|  |TAMS 0x0000000787400000, 0x0000000787400000| Untracked 
| 117|0x0000000787500000, 0x0000000787500000, 0x0000000787600000|  0%| F|  |TAMS 0x0000000787500000, 0x0000000787500000| Untracked 
| 118|0x0000000787600000, 0x0000000787600000, 0x0000000787700000|  0%| F|  |TAMS 0x0000000787600000, 0x0000000787600000| Untracked 
| 119|0x0000000787700000, 0x0000000787700000, 0x0000000787800000|  0%| F|  |TAMS 0x0000000787700000, 0x0000000787700000| Untracked 
| 120|0x0000000787800000, 0x0000000787800000, 0x0000000787900000|  0%| F|  |TAMS 0x0000000787800000, 0x0000000787800000| Untracked 
| 121|0x0000000787900000, 0x0000000787900000, 0x0000000787a00000|  0%| F|  |TAMS 0x0000000787900000, 0x0000000787900000| Untracked 
| 122|0x0000000787a00000, 0x0000000787a00000, 0x0000000787b00000|  0%| F|  |TAMS 0x0000000787a00000, 0x0000000787a00000| Untracked 
| 123|0x0000000787b00000, 0x0000000787b00000, 0x0000000787c00000|  0%| F|  |TAMS 0x0000000787b00000, 0x0000000787b00000| Untracked 
| 124|0x0000000787c00000, 0x0000000787c00000, 0x0000000787d00000|  0%| F|  |TAMS 0x0000000787c00000, 0x0000000787c00000| Untracked 
| 125|0x0000000787d00000, 0x0000000787d00000, 0x0000000787e00000|  0%| F|  |TAMS 0x0000000787d00000, 0x0000000787d00000| Untracked 
| 126|0x0000000787e00000, 0x0000000787ef6490, 0x0000000787f00000| 96%| E|  |TAMS 0x0000000787e00000, 0x0000000787e00000| Complete 
| 127|0x0000000787f00000, 0x0000000788000000, 0x0000000788000000|100%| E|CS|TAMS 0x0000000787f00000, 0x0000000787f00000| Complete 

Card table byte_map: [0x0000000126527000,0x0000000126927000] _byte_map_base: 0x0000000122927000

Marking Bits (Prev, Next): (CMBitMap*) 0x00007f8ca482e618, (CMBitMap*) 0x00007f8ca482e650
 Prev Bits: [0x0000000126d27000, 0x0000000128d27000)
 Next Bits: [0x0000000128d27000, 0x000000012ad27000)

Polling page: 0x0000000100128000

Metaspace:

Usage:
  Non-class:      5.31 MB capacity,     5.27 MB (>99%) used,    39.45 KB ( <1%) free+waste,     3.50 KB ( <1%) overhead. 
      Class:    541.00 KB capacity,   502.57 KB ( 93%) used,    36.74 KB (  7%) free+waste,     1.69 KB ( <1%) overhead. 
       Both:      5.84 MB capacity,     5.76 MB ( 99%) used,    76.19 KB (  1%) free+waste,     5.19 KB ( <1%) overhead. 

Virtual space:
  Non-class space:        8.00 MB reserved,       5.50 MB ( 69%) committed 
      Class space:        1.00 GB reserved,     640.00 KB ( <1%) committed 
             Both:        1.01 GB reserved,       6.12 MB ( <1%) committed 

Chunk freelists:
   Non-Class:  9.00 KB
       Class:  3.00 KB
        Both:  12.00 KB

MaxMetaspaceSize: unlimited
CompressedClassSpaceSize: 1.00 GB

CodeHeap 'non-profiled nmethods': size=120032Kb used=40Kb max_used=40Kb free=119991Kb
 bounds [0x000000011ebef000, 0x000000011ee5f000, 0x0000000126127000]
CodeHeap 'profiled nmethods': size=120028Kb used=234Kb max_used=234Kb free=119793Kb
 bounds [0x00000001176b8000, 0x0000000117928000, 0x000000011ebef000]
CodeHeap 'non-nmethods': size=5700Kb used=1020Kb max_used=1026Kb free=4679Kb
 bounds [0x0000000117127000, 0x0000000117397000, 0x00000001176b8000]
 total_blobs=499 nmethods=186 adapters=227
 compilation: enabled
              stopped_count=0, restarted_count=0
 full_count=0

Compilation events (20 events):
Event: 0.148 Thread 0x00007f8ca500c000  173       3       java.lang.invoke.MethodType::parameterCount (6 bytes)
Event: 0.148 Thread 0x00007f8ca500c000 nmethod 173 0x00000001176ef990 code [0x00000001176efb40, 0x00000001176efc50]
Event: 0.148 Thread 0x00007f8ca500c000  174       3       java.util.regex.Pattern::has (15 bytes)
Event: 0.148 Thread 0x00007f8ca500c000 nmethod 174 0x00000001176efd10 code [0x00000001176efec0, 0x00000001176f0010]
Event: 0.149 Thread 0x00007f8ca500c000  176       3       jdk.internal.org.objectweb.asm.ByteVector::putByte (39 bytes)
Event: 0.149 Thread 0x00007f8ca500c000 nmethod 176 0x00000001176f0090 code [0x00000001176f0260, 0x00000001176f0440]
Event: 0.149 Thread 0x00007f8ca500c000  178       3       java.lang.invoke.MethodType::checkPtype (19 bytes)
Event: 0.149 Thread 0x00007f8ca500c000 nmethod 178 0x00000001176f0590 code [0x00000001176f0780, 0x00000001176f0b30]
Event: 0.149 Thread 0x00007f8ca500c000  177       3       java.lang.ref.WeakReference::<init> (6 bytes)
Event: 0.149 Thread 0x00007f8ca500c000 nmethod 177 0x00000001176f0c90 code [0x00000001176f0e60, 0x00000001176f1170]
Event: 0.149 Thread 0x00007f8ca500c000  180       3       java.lang.invoke.MemberName::testAllFlags (7 bytes)
Event: 0.149 Thread 0x00007f8ca500c000 nmethod 180 0x00000001176f1290 code [0x00000001176f1440, 0x00000001176f15f0]
Event: 0.149 Thread 0x00007f8ca500c000  184       3       java.util.regex.Pattern::peek (26 bytes)
Event: 0.149 Thread 0x00007f8ca500c000 nmethod 184 0x00000001176f1690 code [0x00000001176f1860, 0x00000001176f1ac0]
Event: 0.149 Thread 0x00007f8ca500c000  183       3       java.util.regex.ASCII::isAscii (13 bytes)
Event: 0.150 Thread 0x00007f8ca500c000 nmethod 183 0x00000001176f1c10 code [0x00000001176f1dc0, 0x00000001176f1ef0]
Event: 0.150 Thread 0x00007f8ca500c000  185       3       java.util.regex.Pattern::next (33 bytes)
Event: 0.150 Thread 0x00007f8ca500c000 nmethod 185 0x00000001176f1f90 code [0x00000001176f2160, 0x00000001176f23c0]
Event: 0.150 Thread 0x00007f8ca500c000  186       3       java.util.regex.Pattern::read (33 bytes)
Event: 0.150 Thread 0x00007f8ca500c000 nmethod 186 0x00000001176f2510 code [0x00000001176f26e0, 0x00000001176f2940]

GC Heap History (0 events):
No events

Deoptimization events (8 events):
Event: 0.093 Thread 0x00007f8ca6810000 Uncommon trap: trap_request=0xffffff4d fr.pc=0x000000011ebf319c relative=0x000000000000017c
Event: 0.093 Thread 0x00007f8ca6810000 Uncommon trap: reason=unstable_if action=reinterpret pc=0x000000011ebf319c method=java.lang.String.hashCode()I @ 14 c2
Event: 0.093 Thread 0x00007f8ca6810000 DEOPT PACKING pc=0x000000011ebf319c sp=0x00000003045af4d0
Event: 0.093 Thread 0x00007f8ca6810000 DEOPT UNPACKING pc=0x000000011714cf9f sp=0x00000003045af488 mode 2
Event: 0.146 Thread 0x00007f8ca6810000 Uncommon trap: trap_request=0xffffff4d fr.pc=0x000000011ebf7f34 relative=0x0000000000000074
Event: 0.146 Thread 0x00007f8ca6810000 Uncommon trap: reason=unstable_if action=reinterpret pc=0x000000011ebf7f34 method=java.lang.String.isLatin1()Z @ 10 c2
Event: 0.146 Thread 0x00007f8ca6810000 DEOPT PACKING pc=0x000000011ebf7f34 sp=0x00000003045b0420
Event: 0.146 Thread 0x00007f8ca6810000 DEOPT UNPACKING pc=0x000000011714cf9f sp=0x00000003045b0380 mode 2

Classes redefined (0 events):
No events

Internal exceptions (1 events):
Event: 0.117 Thread 0x00007f8ca6810000 Exception <a 'java/lang/NoSuchMethodError'{0x0000000787e47f70}: 'int java.lang.invoke.DirectMethodHandle$Holder.invokeSpecialIFC(java.lang.Object, java.lang.Object, int)'> (0x0000000787e47f70) thrown at [./src/hotspot/share/interpreter/linkResolver.cpp, line 773]

Events (20 events):
Event: 0.146 loading class java/math/RoundingMode
Event: 0.146 loading class java/math/RoundingMode done
Event: 0.147 loading class java/util/regex/ASCII
Event: 0.147 loading class java/util/regex/ASCII done
Event: 0.147 loading class java/util/regex/Pattern$GroupTail
Event: 0.147 loading class java/util/regex/Pattern$GroupTail done
Event: 0.147 loading class java/util/regex/Pattern$Ques
Event: 0.147 loading class java/util/regex/Pattern$Ques done
Event: 0.147 loading class java/util/regex/Pattern$Qtype
Event: 0.147 loading class java/util/regex/Pattern$Qtype done
Event: 0.148 loading class java/util/regex/Pattern$Curly
Event: 0.148 loading class java/util/regex/Pattern$Curly done
Event: 0.148 loading class java/util/regex/Pattern$BranchConn
Event: 0.148 loading class java/util/regex/Pattern$BranchConn done
Event: 0.148 loading class java/util/regex/Pattern$Branch
Event: 0.148 loading class java/util/regex/Pattern$Branch done
Event: 0.149 loading class java/util/regex/Pattern$GroupCurly
Event: 0.149 loading class java/util/regex/Pattern$GroupCurly done
Event: 3.963 loading class java/util/regex/Pattern$2
Event: 3.963 loading class java/util/regex/Pattern$2 done


Dynamic libraries:
0x00007ffdfff50000 	/Library/Apple/usr/libexec/oah/runtime
0x00007fff352bc000 	/System/Library/Frameworks/Cocoa.framework/Versions/A/Cocoa
0x00007fff22164000 	/System/Library/Frameworks/Security.framework/Versions/A/Security
0x00007fff334b9000 	/System/Library/Frameworks/ApplicationServices.framework/Versions/A/ApplicationServices
0x00007fff2a60a000 	/usr/lib/libz.1.dylib
0x00000001083cc000 	/Library/Java/JavaVirtualMachines/adoptopenjdk-11.jdk/Contents/Home/lib/jli/libjli.dylib
0x00007fff2a6d6000 	/usr/lib/libSystem.B.dylib
0x00007fff22b8b000 	/System/Library/Frameworks/AppKit.framework/Versions/C/AppKit
0x00007fff25a49000 	/System/Library/Frameworks/CoreData.framework/Versions/A/CoreData
0x00007fff210d7000 	/System/Library/Frameworks/Foundation.framework/Versions/C/Foundation
0x00007fff238ee000 	/System/Library/PrivateFrameworks/UIFoundation.framework/Versions/A/UIFoundation
0x00007fff2fe98000 	/System/Library/PrivateFrameworks/RemoteViewServices.framework/Versions/A/RemoteViewServices
0x00007fff28c25000 	/System/Library/PrivateFrameworks/XCTTargetBootstrap.framework/Versions/A/XCTTargetBootstrap
0x00007fff2b974000 	/usr/lib/libspindump.dylib
0x00007fff23b43000 	/System/Library/Frameworks/UniformTypeIdentifiers.framework/Versions/A/UniformTypeIdentifiers
0x00007fff273fb000 	/usr/lib/libapp_launch_measurement.dylib
0x00007fff273fe000 	/System/Library/PrivateFrameworks/CoreAutoLayout.framework/Versions/A/CoreAutoLayout
0x00007fff28587000 	/System/Library/Frameworks/Metal.framework/Versions/A/Metal
0x00007fff2927b000 	/usr/lib/liblangid.dylib
0x00007fff28c29000 	/System/Library/PrivateFrameworks/CoreSVG.framework/Versions/A/CoreSVG
0x00007fff24b2a000 	/System/Library/PrivateFrameworks/SkyLight.framework/Versions/A/SkyLight
0x00007fff24e91000 	/System/Library/Frameworks/CoreGraphics.framework/Versions/A/CoreGraphics
0x00007fff304ef000 	/System/Library/Frameworks/Accelerate.framework/Versions/A/Accelerate
0x00007fff2b3af000 	/System/Library/PrivateFrameworks/IconServices.framework/Versions/A/IconServices
0x00007fff2856c000 	/System/Library/Frameworks/IOSurface.framework/Versions/A/IOSurface
0x00007fff263db000 	/usr/lib/libDiagnosticMessagesClient.dylib
0x00007fff28c11000 	/System/Library/PrivateFrameworks/DFRFoundation.framework/Versions/A/DFRFoundation
0x00007fff224b6000 	/usr/lib/libicucore.A.dylib
0x00007fff2ceb9000 	/System/Library/Frameworks/AudioToolbox.framework/Versions/A/AudioToolbox
0x00007fff2c15e000 	/System/Library/PrivateFrameworks/DataDetectorsCore.framework/Versions/A/DataDetectorsCore
0x00007fff28911000 	/System/Library/Frameworks/Carbon.framework/Versions/A/Frameworks/HIToolbox.framework/Versions/A/HIToolbox
0x00007fff26e56000 	/System/Library/Frameworks/QuartzCore.framework/Versions/A/QuartzCore
0x00007fff2fed4000 	/System/Library/Frameworks/Carbon.framework/Versions/A/Frameworks/SpeechRecognition.framework/Versions/A/SpeechRecognition
0x00007fff27163000 	/System/Library/PrivateFrameworks/CoreUI.framework/Versions/A/CoreUI
0x00007fff21abf000 	/System/Library/Frameworks/CoreAudio.framework/Versions/A/CoreAudio
0x00007fff264c6000 	/System/Library/Frameworks/DiskArbitration.framework/Versions/A/DiskArbitration
0x00007fff2bd6e000 	/System/Library/PrivateFrameworks/MultitouchSupport.framework/Versions/A/MultitouchSupport
0x00007fff2c155000 	/System/Library/PrivateFrameworks/InternationalSupport.framework/Versions/A/InternationalSupport
0x00007fff24a9e000 	/usr/lib/libenergytrace.dylib
0x00007fff22a84000 	/System/Library/Frameworks/IOKit.framework/Versions/A/IOKit
0x00007fff30221000 	/System/Library/Frameworks/CoreServices.framework/Versions/A/CoreServices
0x00007fff27391000 	/System/Library/PrivateFrameworks/PerformanceAnalysis.framework/Versions/A/PerformanceAnalysis
0x00007fff6cb97000 	/System/Library/Frameworks/OpenGL.framework/Versions/A/OpenGL
0x00007fff2c1da000 	/System/Library/PrivateFrameworks/UserActivity.framework/Versions/A/UserActivity
0x00007fff20214000 	/usr/lib/libobjc.A.dylib
0x00007fff2554b000 	/System/Library/Frameworks/ColorSync.framework/Versions/A/ColorSync
0x00007fff203f5000 	/System/Library/Frameworks/CoreFoundation.framework/Versions/A/CoreFoundation
0x00007fff28e92000 	/System/Library/Frameworks/CoreImage.framework/Versions/A/CoreImage
0x00007fff218d6000 	/System/Library/Frameworks/CoreText.framework/Versions/A/CoreText
0x00007fff28c53000 	/System/Library/Frameworks/ImageIO.framework/Versions/A/ImageIO
0x00007fff2a6dc000 	/System/Library/PrivateFrameworks/SoftLinking.framework/Versions/A/SoftLinking
0x00007fff27447000 	/usr/lib/libxml2.2.dylib
0x00007fff202da000 	/usr/lib/libc++.1.dylib
0x00007fff2a94e000 	/usr/lib/libcompression.dylib
0x00007fff24a9f000 	/usr/lib/libMobileGestalt.dylib
0x00007fff2c088000 	/System/Library/PrivateFrameworks/TextureIO.framework/Versions/A/TextureIO
0x00007fff2b03c000 	/usr/lib/libate.dylib
0x00007fff2a6d0000 	/usr/lib/system/libcache.dylib
0x00007fff2a68c000 	/usr/lib/system/libcommonCrypto.dylib
0x00007fff2a6b6000 	/usr/lib/system/libcompiler_rt.dylib
0x00007fff2a6ab000 	/usr/lib/system/libcopyfile.dylib
0x00007fff20102000 	/usr/lib/system/libcorecrypto.dylib
0x00007fff201cf000 	/usr/lib/system/libdispatch.dylib
0x00007fff20384000 	/usr/lib/system/libdyld.dylib
0x00007fff2a6c7000 	/usr/lib/system/libkeymgr.dylib
0x00007fff2dc6b000 	/usr/lib/system/liblaunch.dylib
0x00007fff2a66a000 	/usr/lib/system/libmacho.dylib
0x00007fff29e7f000 	/usr/lib/system/libquarantine.dylib
0x00007fff2a6c4000 	/usr/lib/system/libremovefile.dylib
0x00007fff24afb000 	/usr/lib/system/libsystem_asl.dylib
0x00007fff200b2000 	/usr/lib/system/libsystem_blocks.dylib
0x00007fff20251000 	/usr/lib/system/libsystem_c.dylib
0x00007fff2a6be000 	/usr/lib/system/libsystem_collections.dylib
0x00007fff2926c000 	/usr/lib/system/libsystem_configuration.dylib
0x00007fff2855b000 	/usr/lib/system/libsystem_containermanager.dylib
0x00007fff2a402000 	/usr/lib/system/libsystem_coreservices.dylib
0x00007fff22718000 	/usr/lib/system/libsystem_darwin.dylib
0x00007fff2a6c8000 	/usr/lib/system/libsystem_dnssd.dylib
0x00007fff2024e000 	/usr/lib/system/libsystem_featureflags.dylib
0x00007fff203c9000 	/usr/lib/system/libsystem_info.dylib
0x00007fff2a61d000 	/usr/lib/system/libsystem_m.dylib
0x00007fff201a2000 	/usr/lib/system/libsystem_malloc.dylib
0x00007fff24a8f000 	/usr/lib/system/libsystem_networkextension.dylib
0x00007fff22b33000 	/usr/lib/system/libsystem_notify.dylib
0x00007fff3011f000 	/usr/lib/system/libsystem_product_info_filter.dylib
0x00007fff29270000 	/usr/lib/system/libsystem_sandbox.dylib
0x00007fff2a6c1000 	/usr/lib/system/libsystem_secinit.dylib
0x00007fff20349000 	/usr/lib/system/libsystem_kernel.dylib
0x00007fff203bf000 	/usr/lib/system/libsystem_platform.dylib
0x00007fff20378000 	/usr/lib/system/libsystem_pthread.dylib
0x00007fff26229000 	/usr/lib/system/libsystem_symptoms.dylib
0x00007fff200ea000 	/usr/lib/system/libsystem_trace.dylib
0x00007fff2a698000 	/usr/lib/system/libunwind.dylib
0x00007fff200b4000 	/usr/lib/system/libxpc.dylib
0x00007fff20330000 	/usr/lib/libc++abi.dylib
0x00007fff2a6a3000 	/usr/lib/liboah.dylib
0x00007fff2ad67000 	/usr/lib/liblzma.5.dylib
0x00007fff20deb000 	/System/Library/Frameworks/SystemConfiguration.framework/Versions/A/SystemConfiguration
0x00007fff2a6d8000 	/usr/lib/libfakelink.dylib
0x00007fff245f1000 	/System/Library/Frameworks/CFNetwork.framework/Versions/A/CFNetwork
0x00007fff2a818000 	/usr/lib/libarchive.2.dylib
0x00007fff20e69000 	/usr/lib/libCRFSuite.dylib
0x00007fff29ea6000 	/usr/lib/libbsm.0.dylib
0x00007fff23fad000 	/usr/lib/libnetwork.dylib
0x00007fff2a6dd000 	/usr/lib/libpcap.A.dylib
0x00007fff26222000 	/usr/lib/libdns_services.dylib
0x00007fff2ad80000 	/usr/lib/libcoretls_cfhelpers.dylib
0x00007fff2a91c000 	/usr/lib/libapple_nghttp2.dylib
0x00007fff2a670000 	/usr/lib/system/libkxld.dylib
0x00007fff25e90000 	/usr/lib/libsqlite3.dylib
0x00007fff2a3e4000 	/System/Library/PrivateFrameworks/AppleFSCompression.framework/Versions/A/AppleFSCompression
0x00007fff29e8e000 	/usr/lib/libcoretls.dylib
0x00007fff2a949000 	/usr/lib/libpam.2.dylib
0x00007fff2ae7d000 	/usr/lib/libxar.1.dylib
0x00007fff29277000 	/System/Library/PrivateFrameworks/AppleSystemInfo.framework/Versions/A/AppleSystemInfo
0x00007fff29ad1000 	/System/Library/PrivateFrameworks/IOMobileFramebuffer.framework/Versions/A/IOMobileFramebuffer
0x00007fff2a3f4000 	/usr/lib/libbz2.1.0.dylib
0x00007fff2a715000 	/usr/lib/libiconv.2.dylib
0x00007fff2a669000 	/usr/lib/libcharset.1.dylib
0x00007fff273cd000 	/System/Library/Frameworks/CoreServices.framework/Versions/A/Frameworks/FSEvents.framework/Versions/A/FSEvents
0x00007fff22722000 	/System/Library/Frameworks/CoreServices.framework/Versions/A/Frameworks/CarbonCore.framework/Versions/A/CarbonCore
0x00007fff2642b000 	/System/Library/Frameworks/CoreServices.framework/Versions/A/Frameworks/Metadata.framework/Versions/A/Metadata
0x00007fff2a407000 	/System/Library/Frameworks/CoreServices.framework/Versions/A/Frameworks/OSServices.framework/Versions/A/OSServices
0x00007fff2a88a000 	/System/Library/Frameworks/CoreServices.framework/Versions/A/Frameworks/SearchKit.framework/Versions/A/SearchKit
0x00007fff261ac000 	/System/Library/Frameworks/CoreServices.framework/Versions/A/Frameworks/AE.framework/Versions/A/AE
0x00007fff20891000 	/System/Library/Frameworks/CoreServices.framework/Versions/A/Frameworks/LaunchServices.framework/Versions/A/LaunchServices
0x00007fff2ad18000 	/System/Library/Frameworks/CoreServices.framework/Versions/A/Frameworks/DictionaryServices.framework/Versions/A/DictionaryServices
0x00007fff273d6000 	/System/Library/Frameworks/CoreServices.framework/Versions/A/Frameworks/SharedFileList.framework/Versions/A/SharedFileList
0x00007fff29e82000 	/usr/lib/libCheckFix.dylib
0x00007fff24b12000 	/System/Library/PrivateFrameworks/TCC.framework/Versions/A/TCC
0x00007fff2927d000 	/System/Library/PrivateFrameworks/CoreNLP.framework/Versions/A/CoreNLP
0x00007fff263de000 	/System/Library/PrivateFrameworks/MetadataUtilities.framework/Versions/A/MetadataUtilities
0x00007fff20e9f000 	/usr/lib/libmecabra.dylib
0x00007fff2a196000 	/System/Library/Frameworks/MLCompute.framework/Versions/A/MLCompute
0x00007fff29eb7000 	/usr/lib/libmecab.dylib
0x00007fff29f01000 	/usr/lib/libgermantok.dylib
0x00007fff2a8f2000 	/usr/lib/libThaiTokenizer.dylib
0x00007fff2aeb8000 	/usr/lib/libChineseTokenizer.dylib
0x00007fff2a947000 	/System/Library/Frameworks/MetalPerformanceShaders.framework/Versions/A/MetalPerformanceShaders
0x00007fff264cd000 	/System/Library/Frameworks/Accelerate.framework/Versions/A/Frameworks/vImage.framework/Versions/A/vImage
0x00007fff301fa000 	/System/Library/Frameworks/Accelerate.framework/Versions/A/Frameworks/vecLib.framework/Versions/A/vecLib
0x00007fff2aec3000 	/System/Library/Frameworks/Accelerate.framework/Versions/A/Frameworks/vecLib.framework/Versions/A/libvMisc.dylib
0x00007fff2992d000 	/System/Library/Frameworks/Accelerate.framework/Versions/A/Frameworks/vecLib.framework/Versions/A/libvDSP.dylib
0x00007fff20b95000 	/System/Library/Frameworks/Accelerate.framework/Versions/A/Frameworks/vecLib.framework/Versions/A/libBLAS.dylib
0x00007fff2a96d000 	/System/Library/Frameworks/Accelerate.framework/Versions/A/Frameworks/vecLib.framework/Versions/A/libLAPACK.dylib
0x00007fff29f07000 	/System/Library/Frameworks/Accelerate.framework/Versions/A/Frameworks/vecLib.framework/Versions/A/libLinearAlgebra.dylib
0x00007fff2a934000 	/System/Library/Frameworks/Accelerate.framework/Versions/A/Frameworks/vecLib.framework/Versions/A/libSparseBLAS.dylib
0x00007fff2a967000 	/System/Library/Frameworks/Accelerate.framework/Versions/A/Frameworks/vecLib.framework/Versions/A/libQuadrature.dylib
0x00007fff29325000 	/System/Library/Frameworks/Accelerate.framework/Versions/A/Frameworks/vecLib.framework/Versions/A/libBNNS.dylib
0x00007fff20d7c000 	/System/Library/Frameworks/Accelerate.framework/Versions/A/Frameworks/vecLib.framework/Versions/A/libSparse.dylib
0x00007fff29210000 	/System/Library/Frameworks/MetalPerformanceShaders.framework/Versions/A/Frameworks/MPSCore.framework/Versions/A/MPSCore
0x00007fff2a353000 	/System/Library/Frameworks/MetalPerformanceShaders.framework/Versions/A/Frameworks/MPSImage.framework/Versions/A/MPSImage
0x00007fff29f1e000 	/System/Library/Frameworks/MetalPerformanceShaders.framework/Versions/A/Frameworks/MPSNeuralNetwork.framework/Versions/A/MPSNeuralNetwork
0x00007fff2a2de000 	/System/Library/Frameworks/MetalPerformanceShaders.framework/Versions/A/Frameworks/MPSMatrix.framework/Versions/A/MPSMatrix
0x00007fff2a146000 	/System/Library/Frameworks/MetalPerformanceShaders.framework/Versions/A/Frameworks/MPSRayIntersector.framework/Versions/A/MPSRayIntersector
0x00007fff2a315000 	/System/Library/Frameworks/MetalPerformanceShaders.framework/Versions/A/Frameworks/MPSNDArray.framework/Versions/A/MPSNDArray
0x00007fff20ac1000 	/System/Library/PrivateFrameworks/MetalTools.framework/Versions/A/MetalTools
0x00007fff29275000 	/System/Library/PrivateFrameworks/AggregateDictionary.framework/Versions/A/AggregateDictionary
0x00007fff263b6000 	/System/Library/PrivateFrameworks/CoreAnalytics.framework/Versions/A/CoreAnalytics
0x00007fff2a8f4000 	/System/Library/PrivateFrameworks/AppleSauce.framework/Versions/A/AppleSauce
0x00007fff2857e000 	/System/Library/PrivateFrameworks/IOAccelerator.framework/Versions/A/IOAccelerator
0x00007fff6cb8b000 	/System/Library/Frameworks/OpenGL.framework/Versions/A/Libraries/libCoreFSCache.dylib
0x00007fff2143b000 	/System/Library/PrivateFrameworks/LanguageModeling.framework/Versions/A/LanguageModeling
0x00007fff29abe000 	/System/Library/PrivateFrameworks/CoreEmoji.framework/Versions/A/CoreEmoji
0x00007fff2931e000 	/System/Library/PrivateFrameworks/LinguisticData.framework/Versions/A/LinguisticData
0x00007fff20d2e000 	/System/Library/PrivateFrameworks/Lexicon.framework/Versions/A/Lexicon
0x00007fff2a806000 	/usr/lib/libcmph.dylib
0x00007fff273ad000 	/System/Library/Frameworks/OpenDirectory.framework/Versions/A/Frameworks/CFOpenDirectory.framework/Versions/A/CFOpenDirectory
0x00007fff2739d000 	/System/Library/Frameworks/OpenDirectory.framework/Versions/A/OpenDirectory
0x00007fff2ad82000 	/System/Library/PrivateFrameworks/APFS.framework/Versions/A/APFS
0x00007fff29de3000 	/System/Library/Frameworks/SecurityFoundation.framework/Versions/A/SecurityFoundation
0x00007fff2ae8b000 	/usr/lib/libutil.dylib
0x00007fff22a49000 	/System/Library/PrivateFrameworks/CoreServicesStore.framework/Versions/A/CoreServicesStore
0x00007fff29e7a000 	/System/Library/Frameworks/ServiceManagement.framework/Versions/A/ServiceManagement
0x00007fff2ae8f000 	/usr/lib/libxslt.1.dylib
0x00007fff29e70000 	/System/Library/PrivateFrameworks/BackgroundTaskManagement.framework/Versions/A/BackgroundTaskManagement
0x00007fff2bfd3000 	/System/Library/Frameworks/ImageIO.framework/Versions/A/Resources/libRadiance.dylib
0x00007fff2bfdc000 	/System/Library/Frameworks/ImageIO.framework/Versions/A/Resources/libJPEG.dylib
0x00007fff2bf28000 	/System/Library/Frameworks/ImageIO.framework/Versions/A/Resources/libPng.dylib
0x00007fff2bf4f000 	/System/Library/Frameworks/ImageIO.framework/Versions/A/Resources/libTIFF.dylib
0x00007fff2c031000 	/System/Library/Frameworks/ImageIO.framework/Versions/A/Resources/libGIF.dylib
0x00007fff2bc8c000 	/System/Library/Frameworks/ImageIO.framework/Versions/A/Resources/libJP2.dylib
0x00007fff2b376000 	/usr/lib/libexpat.1.dylib
0x00007fff2bc41000 	/System/Library/PrivateFrameworks/AppleJPEG.framework/Versions/A/AppleJPEG
0x00007fff287b4000 	/System/Library/PrivateFrameworks/FontServices.framework/libFontParser.dylib
0x00007fff26160000 	/System/Library/PrivateFrameworks/RunningBoardServices.framework/Versions/A/RunningBoardServices
0x00007fff2bd6a000 	/System/Library/PrivateFrameworks/WatchdogClient.framework/Versions/A/WatchdogClient
0x00007fff21528000 	/System/Library/Frameworks/CoreDisplay.framework/Versions/A/CoreDisplay
0x00007fff286ca000 	/System/Library/Frameworks/CoreMedia.framework/Versions/A/CoreMedia
0x00007fff2752a000 	/System/Library/Frameworks/CoreVideo.framework/Versions/A/CoreVideo
0x00007fff2bda2000 	/System/Library/Frameworks/VideoToolbox.framework/Versions/A/VideoToolbox
0x00007fff260de000 	/System/Library/PrivateFrameworks/BaseBoard.framework/Versions/A/BaseBoard
0x00007fff2b4bb000 	/System/Library/PrivateFrameworks/PersistentConnection.framework/Versions/A/PersistentConnection
0x00007fff25e79000 	/System/Library/PrivateFrameworks/ProtocolBuffer.framework/Versions/A/ProtocolBuffer
0x00007fff260c5000 	/System/Library/PrivateFrameworks/CommonUtilities.framework/Versions/A/CommonUtilities
0x00007fff2bbd6000 	/System/Library/PrivateFrameworks/Bom.framework/Versions/A/Bom
0x00007fff2bfcc000 	/System/Library/PrivateFrameworks/GPUWrangler.framework/Versions/A/GPUWrangler
0x00007fff2bfaf000 	/System/Library/PrivateFrameworks/IOPresentment.framework/Versions/A/IOPresentment
0x00007fff2bfd6000 	/System/Library/PrivateFrameworks/DSExternalDisplay.framework/Versions/A/DSExternalDisplay
0x00007fff2c036000 	/System/Library/PrivateFrameworks/CMCaptureCore.framework/Versions/A/CMCaptureCore
0x00007fff2b95b000 	/System/Library/PrivateFrameworks/AppServerSupport.framework/Versions/A/AppServerSupport
0x00007fff2da0a000 	/System/Library/PrivateFrameworks/perfdata.framework/Versions/A/perfdata
0x00007fff29dd2000 	/System/Library/PrivateFrameworks/AssertionServices.framework/Versions/A/AssertionServices
0x00007fff2165f000 	/System/Library/PrivateFrameworks/AudioToolboxCore.framework/Versions/A/AudioToolboxCore
0x00007fff286ad000 	/System/Library/PrivateFrameworks/caulk.framework/Versions/A/caulk
0x00007fff3d6b5000 	/System/Library/PrivateFrameworks/SystemPolicy.framework/Versions/A/SystemPolicy
0x00007fff2b16b000 	/usr/lib/libIOReport.dylib
0x00007fff2d22c000 	/usr/lib/libSMC.dylib
0x00007fff2bef5000 	/usr/lib/libAudioToolboxUtility.dylib
0x00007fff3e01f000 	/usr/lib/libmis.dylib
0x00007fff6cbe7000 	/System/Library/Frameworks/OpenGL.framework/Versions/A/Libraries/libGLU.dylib
0x00007fff6cbaa000 	/System/Library/Frameworks/OpenGL.framework/Versions/A/Libraries/libGFXShared.dylib
0x00007fff6cdb9000 	/System/Library/Frameworks/OpenGL.framework/Versions/A/Libraries/libGL.dylib
0x00007fff6cbb3000 	/System/Library/Frameworks/OpenGL.framework/Versions/A/Libraries/libGLImage.dylib
0x00007fff6cba7000 	/System/Library/Frameworks/OpenGL.framework/Versions/A/Libraries/libCVMSPluginSupport.dylib
0x00007fff6cb92000 	/System/Library/Frameworks/OpenGL.framework/Versions/A/Libraries/libCoreVMClient.dylib
0x00007fff6e1fa000 	/System/Library/Frameworks/OpenCL.framework/Versions/A/OpenCL
0x00007fff2b4e5000 	/System/Library/PrivateFrameworks/GraphVisualizer.framework/Versions/A/GraphVisualizer
0x00007fff2b4f4000 	/System/Library/PrivateFrameworks/FaceCore.framework/Versions/A/FaceCore
0x00007fff2b910000 	/System/Library/PrivateFrameworks/OTSVG.framework/Versions/A/OTSVG
0x00007fff27121000 	/System/Library/Frameworks/ApplicationServices.framework/Versions/A/Frameworks/ATS.framework/Versions/A/Resources/libFontRegistry.dylib
0x00007fff2b962000 	/System/Library/PrivateFrameworks/FontServices.framework/libhvf.dylib
0x00007fff2b322000 	/System/Library/PrivateFrameworks/AppleVA.framework/Versions/A/AppleVA
0x00007fff2d075000 	/System/Library/Frameworks/ApplicationServices.framework/Versions/A/Frameworks/ATS.framework/Versions/A/ATS
0x00007fff2d387000 	/System/Library/Frameworks/ApplicationServices.framework/Versions/A/Frameworks/ColorSyncLegacy.framework/Versions/A/ColorSyncLegacy
0x00007fff25642000 	/System/Library/Frameworks/ApplicationServices.framework/Versions/A/Frameworks/HIServices.framework/Versions/A/HIServices
0x00007fff2d36c000 	/System/Library/Frameworks/ApplicationServices.framework/Versions/A/Frameworks/LangAnalysis.framework/Versions/A/LangAnalysis
0x00007fff2c040000 	/System/Library/Frameworks/ApplicationServices.framework/Versions/A/Frameworks/PrintCore.framework/Versions/A/PrintCore
0x00007fff2d38f000 	/System/Library/Frameworks/ApplicationServices.framework/Versions/A/Frameworks/QD.framework/Versions/A/QD
0x00007fff2d065000 	/System/Library/Frameworks/ApplicationServices.framework/Versions/A/Frameworks/SpeechSynthesis.framework/Versions/A/SpeechSynthesis
0x00007fff2c001000 	/System/Library/Frameworks/ApplicationServices.framework/Versions/A/Frameworks/ATSUI.framework/Versions/A/ATSUI
0x00007fff2d30c000 	/usr/lib/libcups.2.dylib
0x00007fff2d37c000 	/System/Library/PrivateFrameworks/NetAuth.framework/Versions/A/NetAuth
0x00007fff2da26000 	/System/Library/Frameworks/Kerberos.framework/Versions/A/Kerberos
0x00007fff2da36000 	/System/Library/Frameworks/GSS.framework/Versions/A/GSS
0x00007fff2d0e1000 	/usr/lib/libresolv.9.dylib
0x00007fff2b977000 	/System/Library/PrivateFrameworks/Heimdal.framework/Versions/A/Heimdal
0x00007fff337ba000 	/System/Library/Frameworks/Kerberos.framework/Versions/A/Libraries/libHeimdalProxy.dylib
0x00007fff26231000 	/System/Library/Frameworks/Network.framework/Versions/A/Network
0x00007fff2b390000 	/usr/lib/libheimdal-asn1.dylib
0x00007fff2da86000 	/System/Library/PrivateFrameworks/CommonAuth.framework/Versions/A/CommonAuth
0x00007fff27577000 	/System/Library/PrivateFrameworks/login.framework/Versions/A/Frameworks/loginsupport.framework/Versions/A/loginsupport
0x00007fff2cfea000 	/System/Library/PrivateFrameworks/AudioSession.framework/Versions/A/AudioSession
0x00007fff2d052000 	/usr/lib/libAudioStatistics.dylib
0x00007fff2b41d000 	/System/Library/PrivateFrameworks/MediaExperience.framework/Versions/A/MediaExperience
0x00007fff2ce87000 	/System/Library/PrivateFrameworks/AudioSession.framework/libSessionUtility.dylib
0x00007fff2da17000 	/usr/lib/libperfcheck.dylib
0x00007fff2d39b000 	/System/Library/PrivateFrameworks/AudioResourceArbitration.framework/Versions/A/AudioResourceArbitration
0x00007fff2b39a000 	/System/Library/PrivateFrameworks/IconFoundation.framework/Versions/A/IconFoundation
0x00007fff2fec4000 	/System/Library/PrivateFrameworks/SpeechRecognitionCore.framework/Versions/A/SpeechRecognitionCore
0x000000010c800000 	/Library/Java/JavaVirtualMachines/adoptopenjdk-11.jdk/Contents/Home/lib/server/libjvm.dylib
0x0000000108439000 	/Library/Java/JavaVirtualMachines/adoptopenjdk-11.jdk/Contents/Home/lib/libverify.dylib
0x00000001084b3000 	/Library/Java/JavaVirtualMachines/adoptopenjdk-11.jdk/Contents/Home/lib/libjava.dylib
0x0000000108519000 	/Library/Java/JavaVirtualMachines/adoptopenjdk-11.jdk/Contents/Home/lib/libjimage.dylib
0x0000000108573000 	/Library/Java/JavaVirtualMachines/adoptopenjdk-11.jdk/Contents/Home/lib/libzip.dylib
0x000000012f2c5000 	/Library/Java/JavaVirtualMachines/adoptopenjdk-11.jdk/Contents/Home/lib/libnio.dylib
0x000000012f2f1000 	/Library/Java/JavaVirtualMachines/adoptopenjdk-11.jdk/Contents/Home/lib/libnet.dylib


VM Arguments:
jvm_args: -Dfile.encoding=UTF-8 
java_command: Soda_Problem
java_class_path (initial): /Users/manishkumartyagi/Library/Application Support/Code/User/workspaceStorage/884fc19d6781746c58ade4b124cdad69/redhat.java/jdt_ws/DS-Algorithms_a10de218/bin
Launcher Type: SUN_STANDARD

[Global flags]
     intx CICompilerCount                          = 4                                         {product} {ergonomic}
     uint ConcGCThreads                            = 2                                         {product} {ergonomic}
     uint G1ConcRefinementThreads                  = 8                                         {product} {ergonomic}
   size_t G1HeapRegionSize                         = 1048576                                   {product} {ergonomic}
    uintx GCDrainStackTargetSize                   = 64                                        {product} {ergonomic}
   size_t InitialHeapSize                          = 134217728                                 {product} {ergonomic}
   size_t MarkStackSize                            = 4194304                                   {product} {ergonomic}
   size_t MaxHeapSize                              = 2147483648                                {product} {ergonomic}
   size_t MaxNewSize                               = 1287651328                                {product} {ergonomic}
   size_t MinHeapDeltaBytes                        = 1048576                                   {product} {ergonomic}
    uintx NonNMethodCodeHeapSize                   = 5836300                                {pd product} {ergonomic}
    uintx NonProfiledCodeHeapSize                  = 122910970                              {pd product} {ergonomic}
    uintx ProfiledCodeHeapSize                     = 122910970                              {pd product} {ergonomic}
    uintx ReservedCodeCacheSize                    = 251658240                              {pd product} {ergonomic}
     bool SegmentedCodeCache                       = true                                      {product} {ergonomic}
     bool UseCompressedClassPointers               = true                                 {lp64_product} {ergonomic}
     bool UseCompressedOops                        = true                                 {lp64_product} {ergonomic}
     bool UseG1GC                                  = true                                      {product} {ergonomic}

Logging:
Log output configuration:
 #0: stdout all=warning uptime,level,tags
 #1: stderr all=off uptime,level,tags

Environment Variables:
PATH=/Library/Frameworks/Python.framework/Versions/3.8/bin:/usr/local/bin:/usr/bin:/bin:/usr/sbin:/sbin:/usr/local/share/dotnet:~/.dotnet/tools:/Library/Frameworks/Mono.framework/Versions/Current/Commands:/Users/manishkumartyagi/opt/anaconda3/bin:/Users/manishkumartyagi/opt/anaconda3/condabin:/Library/Frameworks/Python.framework/Versions/3.8/bin
SHELL=/bin/zsh
LANG=en_GB.UTF-8

Signal Handlers:
SIGSEGV: [libjvm.dylib+0x7b893a], sa_mask[0]=11111111111111111111111111111111, sa_flags=SA_ONSTACK|SA_RESTART|SA_SIGINFO
SIGBUS: [libjvm.dylib+0x7b893a], sa_mask[0]=11111111111111111111111111111111, sa_flags=SA_RESTART|SA_SIGINFO
SIGFPE: [libjvm.dylib+0x7b893a], sa_mask[0]=11111111111111111111111111111111, sa_flags=SA_RESTART|SA_SIGINFO
SIGPIPE: [libjvm.dylib+0x61e7db], sa_mask[0]=11111111111111111111111111111111, sa_flags=SA_RESTART|SA_SIGINFO
SIGXFSZ: [libjvm.dylib+0x61e7db], sa_mask[0]=11111111111111111111111111111111, sa_flags=SA_RESTART|SA_SIGINFO
SIGILL: [libjvm.dylib+0x7b893a], sa_mask[0]=11111111111111111111111111111111, sa_flags=SA_RESTART|SA_SIGINFO
SIGUSR2: [libjvm.dylib+0x61edc3], sa_mask[0]=00000000000000000000000000000000, sa_flags=SA_RESTART|SA_SIGINFO
SIGHUP: [libjvm.dylib+0x61d909], sa_mask[0]=11111111111111111111111111111111, sa_flags=SA_RESTART|SA_SIGINFO
SIGINT: [libjvm.dylib+0x61d909], sa_mask[0]=11111111111111111111111111111111, sa_flags=SA_RESTART|SA_SIGINFO
SIGTERM: [libjvm.dylib+0x61d909], sa_mask[0]=11111111111111111111111111111111, sa_flags=SA_RESTART|SA_SIGINFO
SIGQUIT: [libjvm.dylib+0x61d909], sa_mask[0]=11111111111111111111111111111111, sa_flags=SA_RESTART|SA_SIGINFO


---------------  S Y S T E M  ---------------

OS:uname:Darwin 20.3.0 Darwin Kernel Version 20.3.0: Thu Jan 21 00:06:51 PST 2021; root:xnu-7195.81.3~1/RELEASE_ARM64_T8101 x86_64
OS uptime: 42 days 20:40 hours
rlimit (soft/hard): STACK 8176k/65520k , CORE 0k/infinity , NPROC 1333/2000 , NOFILE 10240/infinity , AS infinity/infinity , CPU infinity/infinity , DATA infinity/infinity , FSIZE infinity/infinity , MEMLOCK infinity/infinity , RSS infinity/infinity
load average:1.51 1.82 1.69

CPU:total 8 (initial active 8) (1 cores per cpu, 1 threads per core) family 6 model 44 stepping 0 microcode 0x0, cmov, cx8, fxsr, mmx, sse, sse2, sse3, ssse3, sse4.1, sse4.2, popcnt, aes, clmul, tsc, tscinvbit, tscinv

Memory: 4k page, physical 8388608k(25296k free), swap 11534336k(1017344k free)

vm_info: OpenJDK 64-Bit Server VM (11.0.10+9) for bsd-amd64 JRE (11.0.10+9), built on Jan 20 2021 11:55:30 by "jenkins" with gcc 4.2.1 Compatible Apple LLVM 10.0.1 (clang-1001.0.46.4)

END.
